<?xml version="1.0" encoding="UTF-8"?>
<!-- Generated by org.testng.reporters.JUnitXMLReporter -->
<testsuite ignored="0" hostname="PL-IN-PF5JALJ8" failures="2" tests="4" name="Open Cart Home Page Test_chrome" time="18.043" errors="0" timestamp="30 Oct 2025 04:55:48 GMT">
  <testcase classname="com.qa.playwright.tests.HomePageTest" name="homePageTitleTest" time="0.015"/>
  <testcase classname="com.qa.playwright.tests.HomePageTest" name="homePageURLTest" time="0.002"/>
  <testcase classname="com.qa.playwright.tests.HomePageTest" name="searchTest" time="5.01">
    <failure type="com.microsoft.playwright.PlaywrightException" message="Error {
  message=&amp;apos;Target page, context or browser has been closed
  name=&amp;apos;Error
  stack=&amp;apos;Error: Target page, context or browser has been closed
    at DispatcherConnection.dispatch (C:\Users\ryadav\AppData\Local\Temp\playwright-java-4192974501015189052\package\lib\server\dispatchers\dispatcher.js:296:49)
    at PipeTransport.transport.onmessage (C:\Users\ryadav\AppData\Local\Temp\playwright-java-4192974501015189052\package\lib\cli\driver.js:67:57)
    at Immediate._onImmediate (C:\Users\ryadav\AppData\Local\Temp\playwright-java-4192974501015189052\package\lib\protocol\transport.js:89:34)
    at processImmediate (node:internal/timers:466:21)
}">
      <![CDATA[com.microsoft.playwright.PlaywrightException: Error {
  message='Target page, context or browser has been closed
  name='Error
  stack='Error: Target page, context or browser has been closed
    at DispatcherConnection.dispatch (C:\Users\ryadav\AppData\Local\Temp\playwright-java-4192974501015189052\package\lib\server\dispatchers\dispatcher.js:296:49)
    at PipeTransport.transport.onmessage (C:\Users\ryadav\AppData\Local\Temp\playwright-java-4192974501015189052\package\lib\cli\driver.js:67:57)
    at Immediate._onImmediate (C:\Users\ryadav\AppData\Local\Temp\playwright-java-4192974501015189052\package\lib\protocol\transport.js:89:34)
    at processImmediate (node:internal/timers:466:21)
}
at com.microsoft.playwright.impl.WaitableResult.get(WaitableResult.java:54)
at com.microsoft.playwright.impl.ChannelOwner.runUntil(ChannelOwner.java:109)
at com.microsoft.playwright.impl.Connection.sendMessage(Connection.java:108)
at com.microsoft.playwright.impl.ChannelOwner.sendMessage(ChannelOwner.java:100)
at com.microsoft.playwright.impl.FrameImpl.fillImpl(FrameImpl.java:338)
at com.microsoft.playwright.impl.PageImpl.lambda$fill$27(PageImpl.java:705)
at com.microsoft.playwright.impl.LoggingSupport.lambda$withLogging$0(LoggingSupport.java:36)
at com.microsoft.playwright.impl.LoggingSupport.withLogging(LoggingSupport.java:47)
at com.microsoft.playwright.impl.ChannelOwner.withLogging(ChannelOwner.java:85)
at com.microsoft.playwright.impl.LoggingSupport.withLogging(LoggingSupport.java:35)
at com.microsoft.playwright.impl.PageImpl.fill(PageImpl.java:704)
at com.microsoft.playwright.Page.fill(Page.java:4139)
at com.qa.playwright.pages.HomePage.doSearch(HomePage.java:36)
at com.qa.playwright.tests.HomePageTest.searchTest(HomePageTest.java:36)
at java.base/java.util.concurrent.FutureTask.run(FutureTask.java:264)
at java.base/java.util.concurrent.ThreadPoolExecutor.runWorker(ThreadPoolExecutor.java:1136)
at java.base/java.util.concurrent.ThreadPoolExecutor$Worker.run(ThreadPoolExecutor.java:635)
at java.base/java.lang.Thread.run(Thread.java:840)
Caused by: com.microsoft.playwright.impl.DriverException: Error {
  message='Target page, context or browser has been closed
  name='Error
  stack='Error: Target page, context or browser has been closed
    at DispatcherConnection.dispatch (C:\Users\ryadav\AppData\Local\Temp\playwright-java-4192974501015189052\package\lib\server\dispatchers\dispatcher.js:296:49)
    at PipeTransport.transport.onmessage (C:\Users\ryadav\AppData\Local\Temp\playwright-java-4192974501015189052\package\lib\cli\driver.js:67:57)
    at Immediate._onImmediate (C:\Users\ryadav\AppData\Local\Temp\playwright-java-4192974501015189052\package\lib\protocol\transport.js:89:34)
    at processImmediate (node:internal/timers:466:21)
}
at com.microsoft.playwright.impl.Connection.dispatch(Connection.java:190)
at com.microsoft.playwright.impl.Connection.processOneMessage(Connection.java:170)
at com.microsoft.playwright.impl.ChannelOwner.runUntil(ChannelOwner.java:107)
... 32 more
... Removed 16 stack frames]]>
    </failure>
  </testcase> <!-- searchTest -->
  <testcase classname="com.qa.playwright.tests.HomePageTest" name="searchTest" time="5.014">
    <failure type="com.microsoft.playwright.PlaywrightException" message="Error {
  message=&amp;apos;Target page, context or browser has been closed
  name=&amp;apos;Error
  stack=&amp;apos;Error: Target page, context or browser has been closed
    at DispatcherConnection.dispatch (C:\Users\ryadav\AppData\Local\Temp\playwright-java-4192974501015189052\package\lib\server\dispatchers\dispatcher.js:296:49)
    at PipeTransport.transport.onmessage (C:\Users\ryadav\AppData\Local\Temp\playwright-java-4192974501015189052\package\lib\cli\driver.js:67:57)
    at Immediate._onImmediate (C:\Users\ryadav\AppData\Local\Temp\playwright-java-4192974501015189052\package\lib\protocol\transport.js:89:34)
    at processImmediate (node:internal/timers:466:21)
}">
      <![CDATA[com.microsoft.playwright.PlaywrightException: Error {
  message='Target page, context or browser has been closed
  name='Error
  stack='Error: Target page, context or browser has been closed
    at DispatcherConnection.dispatch (C:\Users\ryadav\AppData\Local\Temp\playwright-java-4192974501015189052\package\lib\server\dispatchers\dispatcher.js:296:49)
    at PipeTransport.transport.onmessage (C:\Users\ryadav\AppData\Local\Temp\playwright-java-4192974501015189052\package\lib\cli\driver.js:67:57)
    at Immediate._onImmediate (C:\Users\ryadav\AppData\Local\Temp\playwright-java-4192974501015189052\package\lib\protocol\transport.js:89:34)
    at processImmediate (node:internal/timers:466:21)
}
at com.microsoft.playwright.impl.WaitableResult.get(WaitableResult.java:54)
at com.microsoft.playwright.impl.ChannelOwner.runUntil(ChannelOwner.java:109)
at com.microsoft.playwright.impl.Connection.sendMessage(Connection.java:108)
at com.microsoft.playwright.impl.ChannelOwner.sendMessage(ChannelOwner.java:100)
at com.microsoft.playwright.impl.PageImpl.screenshotImpl(PageImpl.java:1061)
at com.microsoft.playwright.impl.PageImpl.lambda$screenshot$51(PageImpl.java:1000)
at com.microsoft.playwright.impl.LoggingSupport.withLogging(LoggingSupport.java:47)
at com.microsoft.playwright.impl.ChannelOwner.withLogging(ChannelOwner.java:85)
at com.microsoft.playwright.impl.PageImpl.screenshot(PageImpl.java:1000)
at com.qa.playwright.factory.PlaywrightFactory.takeScreenshot(PlaywrightFactory.java:114)
at com.qa.playwright.listeners.ExtentReportListener.onTestFailure(ExtentReportListener.java:102)
at java.base/java.util.concurrent.FutureTask.run(FutureTask.java:264)
at java.base/java.util.concurrent.ThreadPoolExecutor.runWorker(ThreadPoolExecutor.java:1136)
at java.base/java.util.concurrent.ThreadPoolExecutor$Worker.run(ThreadPoolExecutor.java:635)
at java.base/java.lang.Thread.run(Thread.java:840)
Caused by: com.microsoft.playwright.impl.DriverException: Error {
  message='Target page, context or browser has been closed
  name='Error
  stack='Error: Target page, context or browser has been closed
    at DispatcherConnection.dispatch (C:\Users\ryadav\AppData\Local\Temp\playwright-java-4192974501015189052\package\lib\server\dispatchers\dispatcher.js:296:49)
    at PipeTransport.transport.onmessage (C:\Users\ryadav\AppData\Local\Temp\playwright-java-4192974501015189052\package\lib\cli\driver.js:67:57)
    at Immediate._onImmediate (C:\Users\ryadav\AppData\Local\Temp\playwright-java-4192974501015189052\package\lib\protocol\transport.js:89:34)
    at processImmediate (node:internal/timers:466:21)
}
at com.microsoft.playwright.impl.Connection.dispatch(Connection.java:190)
at com.microsoft.playwright.impl.Connection.processOneMessage(Connection.java:170)
at com.microsoft.playwright.impl.ChannelOwner.runUntil(ChannelOwner.java:107)
... 26 more
... Removed 13 stack frames]]>
    </failure>
  </testcase> <!-- searchTest -->
</testsuite> <!-- Open Cart Home Page Test_chrome -->
