<?xml version="1.0" encoding="UTF-8"?>
<testsuite xmlns:xsi="http://www.w3.org/2001/XMLSchema-instance" xsi:noNamespaceSchemaLocation="https://maven.apache.org/surefire/maven-surefire-plugin/xsd/surefire-test-report.xsd" name="TestSuite" time="41.59" tests="5" errors="0" skipped="0" failures="0">
  <properties>
[...]
</properties>
  <testcase name="homePageTitleTest" classname="com.qa.playwright.tests.HomePageTest" time="0.35"/>
  <testcase name="homePageURLTest" classname="com.qa.playwright.tests.HomePageTest" time="0.284"/>
  <testcase name="searchTest" classname="com.qa.playwright.tests.HomePageTest" time="9.373"/>
  <testcase name="searchTest" classname="com.qa.playwright.tests.HomePageTest" time="9.296"/>
  <testcase name="searchTest" classname="com.qa.playwright.tests.HomePageTest" time="9.286"/>
</testsuite>